INFO 2025-09-22 18:05:32,034 autoreload 11252 17348 Watching for file changes with StatReloader
INFO 2025-09-22 18:05:34,669 basehttp 11252 15120 "GET /marketplace/ HTTP/1.1" 200 19532
INFO 2025-09-22 18:05:35,153 basehttp 11252 15120 "GET /notifications/unread_count/ HTTP/1.1" 200 19
INFO 2025-09-22 18:05:36,545 basehttp 11252 15120 "GET /proposals/jobs/ HTTP/1.1" 200 36189
INFO 2025-09-22 18:05:36,693 basehttp 11252 15120 "GET /notifications/unread_count/ HTTP/1.1" 200 19
INFO 2025-09-22 18:05:37,758 basehttp 11252 15120 "GET /users/freelancers/ HTTP/1.1" 200 13791
INFO 2025-09-22 18:05:37,989 basehttp 11252 15120 "GET /notifications/unread_count/ HTTP/1.1" 200 19
INFO 2025-09-22 18:05:39,773 basehttp 11252 15120 "GET /messages/inbox/ HTTP/1.1" 200 12941
INFO 2025-09-22 18:05:40,006 basehttp 11252 15120 "GET /notifications/unread_count/ HTTP/1.1" 200 19
INFO 2025-09-22 18:05:40,690 basehttp 11252 15120 "GET /users/profile/ HTTP/1.1" 200 13101
INFO 2025-09-22 18:05:40,959 basehttp 11252 15120 "GET /notifications/unread_count/ HTTP/1.1" 200 19
INFO 2025-09-22 18:05:42,167 basehttp 11252 15120 "GET /proposals/jobs/ HTTP/1.1" 200 36189
INFO 2025-09-22 18:05:42,418 basehttp 11252 15120 "GET /notifications/unread_count/ HTTP/1.1" 200 19
INFO 2025-09-22 18:05:43,453 basehttp 11252 15120 "GET /users/freelancers/ HTTP/1.1" 200 13791
INFO 2025-09-22 18:05:43,731 basehttp 11252 15120 "GET /notifications/unread_count/ HTTP/1.1" 200 19
INFO 2025-09-22 18:05:45,148 basehttp 11252 15120 "GET /users/freelancer/4/ HTTP/1.1" 200 11691
INFO 2025-09-22 18:05:45,426 basehttp 11252 15120 "GET /notifications/unread_count/ HTTP/1.1" 200 19
INFO 2025-09-22 18:05:48,229 basehttp 11252 15120 "GET /proposals/jobs/ HTTP/1.1" 200 36189
INFO 2025-09-22 18:05:48,547 basehttp 11252 15120 "GET /notifications/unread_count/ HTTP/1.1" 200 19
INFO 2025-09-22 18:05:50,414 basehttp 11252 15120 "GET /marketplace/ HTTP/1.1" 200 19532
INFO 2025-09-22 18:05:50,569 basehttp 11252 15120 "GET /notifications/unread_count/ HTTP/1.1" 200 19
INFO 2025-09-22 18:05:54,583 basehttp 11252 15120 "GET /jobs/post/ HTTP/1.1" 200 12804
INFO 2025-09-22 18:05:54,871 basehttp 11252 15120 "GET /notifications/unread_count/ HTTP/1.1" 200 19
INFO 2025-09-22 18:06:10,828 basehttp 11252 5676 "POST /jobs/post/ HTTP/1.1" 302 0
INFO 2025-09-22 18:06:10,852 basehttp 11252 5676 "GET /marketplace/ HTTP/1.1" 200 19509
INFO 2025-09-22 18:06:11,151 basehttp 11252 5676 "GET /notifications/unread_count/ HTTP/1.1" 200 19
INFO 2025-09-22 18:06:12,969 basehttp 11252 10832 "GET /notifications/unread_count/ HTTP/1.1" 200 19
INFO 2025-09-22 18:06:22,919 basehttp 11252 23896 "GET /proposals/jobs/ HTTP/1.1" 200 36189
INFO 2025-09-22 18:06:23,238 basehttp 11252 23896 "GET /notifications/unread_count/ HTTP/1.1" 200 19
INFO 2025-09-22 18:06:25,550 basehttp 11252 23896 "GET /marketplace/ HTTP/1.1" 200 19509
INFO 2025-09-22 18:06:25,796 basehttp 11252 23896 "GET /notifications/unread_count/ HTTP/1.1" 200 19
INFO 2025-09-22 18:06:55,960 basehttp 11252 4348 "GET /notifications/unread_count/ HTTP/1.1" 200 19
INFO 2025-09-22 18:07:03,072 basehttp 11252 11892 "GET /notifications/unread_count/ HTTP/1.1" 200 19
INFO 2025-09-22 18:07:05,561 basehttp 11252 11892 "GET /marketplace/ HTTP/1.1" 200 18135
INFO 2025-09-22 18:07:05,799 basehttp 11252 11892 "GET /notifications/unread_count/ HTTP/1.1" 200 19
INFO 2025-09-22 18:07:07,888 basehttp 11252 11892 "GET /jobs/17/ HTTP/1.1" 200 15205
INFO 2025-09-22 18:07:08,076 basehttp 11252 11892 "GET /notifications/unread_count/ HTTP/1.1" 200 19
INFO 2025-09-22 18:07:16,186 basehttp 11252 26168 "POST /jobs/17/ HTTP/1.1" 302 0
INFO 2025-09-22 18:07:16,196 basehttp 11252 26168 "GET /jobs/17/ HTTP/1.1" 200 15441
INFO 2025-09-22 18:07:16,297 basehttp 11252 26168 "GET /notifications/unread_count/ HTTP/1.1" 200 19
INFO 2025-09-22 18:07:18,259 basehttp 11252 26168 "GET /marketplace/ HTTP/1.1" 200 18135
INFO 2025-09-22 18:07:18,415 basehttp 11252 26168 "GET /notifications/unread_count/ HTTP/1.1" 200 19
INFO 2025-09-22 18:07:19,522 basehttp 11252 26168 "GET /proposals/my/ HTTP/1.1" 200 40986
INFO 2025-09-22 18:07:19,655 basehttp 11252 26168 "GET /notifications/unread_count/ HTTP/1.1" 200 19
INFO 2025-09-22 18:07:25,943 basehttp 11252 10848 "GET /notifications/unread_count/ HTTP/1.1" 200 19
INFO 2025-09-22 18:07:49,962 basehttp 11252 27484 "GET /notifications/unread_count/ HTTP/1.1" 200 19
INFO 2025-09-22 18:07:55,955 basehttp 11252 3392 "GET /notifications/unread_count/ HTTP/1.1" 200 19
INFO 2025-09-22 18:08:19,957 basehttp 11252 26628 "GET /notifications/unread_count/ HTTP/1.1" 200 19
INFO 2025-09-22 18:08:25,951 basehttp 11252 16476 "GET /notifications/unread_count/ HTTP/1.1" 200 19
INFO 2025-09-22 18:08:49,959 basehttp 11252 19024 "GET /notifications/unread_count/ HTTP/1.1" 200 19
INFO 2025-09-22 18:08:55,963 basehttp 11252 1740 "GET /notifications/unread_count/ HTTP/1.1" 200 19
INFO 2025-09-22 18:09:20,119 basehttp 11252 8792 "GET /notifications/unread_count/ HTTP/1.1" 200 19
INFO 2025-09-22 18:09:26,163 basehttp 11252 23284 "GET /notifications/unread_count/ HTTP/1.1" 200 19
INFO 2025-09-22 18:09:49,960 basehttp 11252 24520 "GET /notifications/unread_count/ HTTP/1.1" 200 19
INFO 2025-09-22 18:09:50,397 autoreload 25004 25748 Watching for file changes with StatReloader
INFO 2025-09-22 18:09:52,794 basehttp 11252 24520 "GET /proposals/my/ HTTP/1.1" 200 40986
INFO 2025-09-22 18:09:52,961 basehttp 11252 24520 "GET /notifications/unread_count/ HTTP/1.1" 200 19
INFO 2025-09-22 18:09:55,948 basehttp 11252 3368 "GET /notifications/unread_count/ HTTP/1.1" 200 19
INFO 2025-09-22 18:10:17,303 basehttp 11252 22336 "GET /marketplace/ HTTP/1.1" 200 18135
INFO 2025-09-22 18:10:17,486 basehttp 11252 22336 "GET /notifications/unread_count/ HTTP/1.1" 200 19
INFO 2025-09-22 18:10:26,951 basehttp 11252 15672 "GET /notifications/unread_count/ HTTP/1.1" 200 19
INFO 2025-09-22 18:10:47,495 basehttp 11252 23804 "GET /notifications/unread_count/ HTTP/1.1" 200 19
INFO 2025-09-22 18:11:06,400 basehttp 11252 15672 "GET /notifications/unread_count/ HTTP/1.1" 200 19
INFO 2025-09-22 18:11:07,773 basehttp 11252 15672 "GET /jobs/post/ HTTP/1.1" 200 12804
INFO 2025-09-22 18:11:08,115 basehttp 11252 15672 "GET /notifications/unread_count/ HTTP/1.1" 200 19
INFO 2025-09-22 18:11:17,950 basehttp 11252 23804 "GET /notifications/unread_count/ HTTP/1.1" 200 19
INFO 2025-09-22 18:11:24,477 basehttp 11252 15672 "POST /jobs/post/ HTTP/1.1" 302 0
INFO 2025-09-22 18:11:24,497 basehttp 11252 15672 "GET /marketplace/ HTTP/1.1" 200 19511
INFO 2025-09-22 18:11:24,733 basehttp 11252 15672 "GET /notifications/unread_count/ HTTP/1.1" 200 19
INFO 2025-09-22 18:11:26,566 basehttp 11252 15672 "GET /jobs/post/ HTTP/1.1" 200 12804
INFO 2025-09-22 18:11:26,768 basehttp 11252 15672 "GET /notifications/unread_count/ HTTP/1.1" 200 19
INFO 2025-09-22 18:11:41,620 basehttp 11252 15672 "POST /jobs/post/ HTTP/1.1" 302 0
INFO 2025-09-22 18:11:41,636 basehttp 11252 15672 "GET /marketplace/ HTTP/1.1" 200 19515
INFO 2025-09-22 18:11:41,873 basehttp 11252 15672 "GET /notifications/unread_count/ HTTP/1.1" 200 19
INFO 2025-09-22 18:11:47,956 basehttp 11252 23804 "GET /notifications/unread_count/ HTTP/1.1" 200 19
INFO 2025-09-22 18:12:07,602 basehttp 11252 23804 "GET /marketplace/ HTTP/1.1" 200 18141
INFO 2025-09-22 18:12:07,692 basehttp 11252 23804 "GET /notifications/unread_count/ HTTP/1.1" 200 19
INFO 2025-09-22 18:12:09,770 basehttp 11252 23804 "GET /jobs/18/ HTTP/1.1" 200 15227
INFO 2025-09-22 18:12:09,980 basehttp 11252 23804 "GET /notifications/unread_count/ HTTP/1.1" 200 19
INFO 2025-09-22 18:12:11,943 basehttp 11252 15672 "GET /notifications/unread_count/ HTTP/1.1" 200 19
INFO 2025-09-22 18:12:22,601 basehttp 11252 23804 "POST /jobs/18/ HTTP/1.1" 302 0
INFO 2025-09-22 18:12:22,612 basehttp 11252 23804 "GET /jobs/18/ HTTP/1.1" 200 15463
INFO 2025-09-22 18:12:22,692 basehttp 11252 23804 "GET /notifications/unread_count/ HTTP/1.1" 200 19
INFO 2025-09-22 18:12:26,448 basehttp 11252 23804 "GET /jobs/ HTTP/1.1" 200 23683
INFO 2025-09-22 18:12:26,641 basehttp 11252 23804 "GET /notifications/unread_count/ HTTP/1.1" 200 19
INFO 2025-09-22 18:12:41,972 basehttp 11252 3232 "GET /notifications/unread_count/ HTTP/1.1" 200 19
WARNING 2025-09-22 18:12:50,663 log 11252 7448 Not Found: /.well-known/appspecific/com.chrome.devtools.json
WARNING 2025-09-22 18:12:50,664 basehttp 11252 7448 "GET /.well-known/appspecific/com.chrome.devtools.json HTTP/1.1" 404 4157
INFO 2025-09-22 18:12:55,023 basehttp 11252 7448 "GET /messages/inbox/ HTTP/1.1" 200 13337
INFO 2025-09-22 18:12:55,276 basehttp 11252 21156 "GET /notifications/unread_count/ HTTP/1.1" 200 19
INFO 2025-09-22 18:13:11,947 basehttp 11252 7420 "GET /notifications/unread_count/ HTTP/1.1" 200 19
INFO 2025-09-22 18:13:25,948 basehttp 11252 12312 "GET /notifications/unread_count/ HTTP/1.1" 200 19
INFO 2025-09-22 18:13:41,945 basehttp 11252 27012 "GET /notifications/unread_count/ HTTP/1.1" 200 19
INFO 2025-09-22 18:13:56,229 basehttp 11252 2520 "GET /notifications/unread_count/ HTTP/1.1" 200 19
INFO 2025-09-22 18:14:11,950 basehttp 11252 8588 "GET /notifications/unread_count/ HTTP/1.1" 200 19
INFO 2025-09-22 18:14:25,955 basehttp 11252 27492 "GET /notifications/unread_count/ HTTP/1.1" 200 19
INFO 2025-09-22 18:14:41,955 basehttp 11252 24440 "GET /notifications/unread_count/ HTTP/1.1" 200 19
INFO 2025-09-22 18:14:55,965 basehttp 11252 23924 "GET /notifications/unread_count/ HTTP/1.1" 200 19
INFO 2025-09-22 18:14:57,205 autoreload 11252 17348 C:\Users\Rima\Desktop\New Project\FreelancerM\FreelancerM\settings.py changed, reloading.
INFO 2025-09-22 18:14:57,383 autoreload 25004 25748 C:\Users\Rima\Desktop\New Project\FreelancerM\FreelancerM\settings.py changed, reloading.
INFO 2025-09-22 18:15:00,607 autoreload 19316 21864 Watching for file changes with StatReloader
INFO 2025-09-22 18:15:00,738 autoreload 20288 19792 Watching for file changes with StatReloader
INFO 2025-09-22 18:15:11,961 basehttp 19316 16012 "GET /notifications/unread_count/ HTTP/1.1" 200 19
INFO 2025-09-22 18:15:25,948 basehttp 19316 17428 "GET /notifications/unread_count/ HTTP/1.1" 200 19
INFO 2025-09-22 18:15:31,581 basehttp 19316 17428 "GET /marketplace/ HTTP/1.1" 200 18141
INFO 2025-09-22 18:15:31,892 basehttp 19316 17428 "GET /notifications/unread_count/ HTTP/1.1" 200 19
INFO 2025-09-22 18:15:34,166 basehttp 19316 17428 "GET /jobs/19/ HTTP/1.1" 200 15213
INFO 2025-09-22 18:15:34,406 basehttp 19316 17428 "GET /notifications/unread_count/ HTTP/1.1" 200 19
INFO 2025-09-22 18:15:41,946 basehttp 19316 22920 "GET /notifications/unread_count/ HTTP/1.1" 200 19
INFO 2025-09-22 18:15:45,472 basehttp 19316 17428 "POST /jobs/19/ HTTP/1.1" 302 0
INFO 2025-09-22 18:15:45,492 basehttp 19316 17428 "GET /jobs/19/ HTTP/1.1" 200 15449
INFO 2025-09-22 18:15:45,675 basehttp 19316 17428 "GET /notifications/unread_count/ HTTP/1.1" 200 19
INFO 2025-09-22 18:16:02,736 basehttp 19316 17428 "GET /jobs/ HTTP/1.1" 200 23683
INFO 2025-09-22 18:16:02,897 basehttp 19316 17428 "GET /notifications/unread_count/ HTTP/1.1" 200 19
INFO 2025-09-22 18:16:05,264 basehttp 19316 17428 "GET /proposals/my/ HTTP/1.1" 200 45218
INFO 2025-09-22 18:16:05,383 basehttp 19316 17428 "GET /notifications/unread_count/ HTTP/1.1" 200 19
INFO 2025-09-22 18:16:07,225 basehttp 19316 17428 "GET /proposals/17/ HTTP/1.1" 200 11982
INFO 2025-09-22 18:16:07,345 basehttp 19316 17428 "GET /notifications/unread_count/ HTTP/1.1" 200 19
INFO 2025-09-22 18:16:11,964 basehttp 19316 22920 "GET /notifications/unread_count/ HTTP/1.1" 200 19
INFO 2025-09-22 18:16:35,949 basehttp 19316 17428 "GET /notifications/unread_count/ HTTP/1.1" 200 19
INFO 2025-09-22 18:17:07,392 basehttp 19316 23872 "GET /notifications/unread_count/ HTTP/1.1" 200 19
INFO 2025-09-22 18:17:12,951 basehttp 19316 16748 "GET /notifications/unread_count/ HTTP/1.1" 200 19
INFO 2025-09-22 18:17:36,030 basehttp 20288 13460 "GET /notifications/unread_count/ HTTP/1.1" 200 19
INFO 2025-09-22 18:17:54,287 autoreload 20464 24912 Watching for file changes with StatReloader
INFO 2025-09-22 18:17:57,029 basehttp 20288 19492 "GET /proposals/my/ HTTP/1.1" 200 45218
INFO 2025-09-22 18:17:57,133 basehttp 20288 19492 "GET /notifications/unread_count/ HTTP/1.1" 200 19
INFO 2025-09-22 18:17:59,258 basehttp 20288 19492 "GET /marketplace/ HTTP/1.1" 200 18141
INFO 2025-09-22 18:17:59,393 basehttp 20288 19492 "GET /notifications/unread_count/ HTTP/1.1" 200 19
INFO 2025-09-22 18:18:13,950 basehttp 20288 27196 "GET /notifications/unread_count/ HTTP/1.1" 200 19
INFO 2025-09-22 18:18:29,952 basehttp 20288 17640 "GET /notifications/unread_count/ HTTP/1.1" 200 19
INFO 2025-09-22 18:18:59,945 basehttp 20288 15608 "GET /notifications/unread_count/ HTTP/1.1" 200 19
INFO 2025-09-22 18:19:14,964 basehttp 20288 26608 "GET /notifications/unread_count/ HTTP/1.1" 200 19
INFO 2025-09-22 18:19:29,963 basehttp 20288 9268 "GET /notifications/unread_count/ HTTP/1.1" 200 19
INFO 2025-09-22 18:19:59,953 basehttp 20288 10532 "GET /notifications/unread_count/ HTTP/1.1" 200 19
INFO 2025-09-22 18:20:10,458 basehttp 20288 18976 "GET /notifications/unread_count/ HTTP/1.1" 200 19
INFO 2025-09-22 18:20:11,475 basehttp 20288 18976 "GET /jobs/post/ HTTP/1.1" 200 12804
INFO 2025-09-22 18:20:11,852 basehttp 20288 18976 "GET /notifications/unread_count/ HTTP/1.1" 200 19
INFO 2025-09-22 18:20:24,207 basehttp 20288 18976 "POST /jobs/post/ HTTP/1.1" 302 0
INFO 2025-09-22 18:20:24,232 basehttp 20288 18976 "GET /marketplace/ HTTP/1.1" 200 19518
INFO 2025-09-22 18:20:24,523 basehttp 20288 18976 "GET /notifications/unread_count/ HTTP/1.1" 200 19
INFO 2025-09-22 18:20:29,945 basehttp 20288 24024 "GET /notifications/unread_count/ HTTP/1.1" 200 19
INFO 2025-09-22 18:20:32,972 basehttp 20288 24024 "GET /jobs/ HTTP/1.1" 200 24262
INFO 2025-09-22 18:20:33,257 basehttp 20288 24024 "GET /notifications/unread_count/ HTTP/1.1" 200 19
INFO 2025-09-22 18:20:35,236 basehttp 20288 24024 "GET /jobs/20/ HTTP/1.1" 200 15204
INFO 2025-09-22 18:20:35,425 basehttp 20288 24024 "GET /notifications/unread_count/ HTTP/1.1" 200 19
INFO 2025-09-22 18:20:42,925 basehttp 20288 24024 "POST /jobs/20/ HTTP/1.1" 302 0
INFO 2025-09-22 18:20:42,939 basehttp 20288 24024 "GET /jobs/20/ HTTP/1.1" 200 15440
INFO 2025-09-22 18:20:43,025 basehttp 20288 24024 "GET /notifications/unread_count/ HTTP/1.1" 200 19
INFO 2025-09-22 18:20:46,673 basehttp 20288 24024 "GET /marketplace/ HTTP/1.1" 200 18144
INFO 2025-09-22 18:20:46,770 basehttp 20288 24024 "GET /notifications/unread_count/ HTTP/1.1" 200 19
INFO 2025-09-22 18:20:54,957 basehttp 20288 18976 "GET /notifications/unread_count/ HTTP/1.1" 200 19
INFO 2025-09-22 18:21:13,272 basehttp 20288 15376 "GET /users/logout/ HTTP/1.1" 302 0
INFO 2025-09-22 18:21:13,287 basehttp 20288 15376 "GET /marketplace/ HTTP/1.1" 200 9157
INFO 2025-09-22 18:21:14,980 basehttp 20288 15376 "GET /users/login/ HTTP/1.1" 200 6749
INFO 2025-09-22 18:21:16,411 basehttp 20288 26812 "GET /users/password-reset/ HTTP/1.1" 200 2718
INFO 2025-09-22 18:21:16,944 basehttp 20288 26428 "GET /notifications/unread_count/ HTTP/1.1" 200 19
INFO 2025-09-22 18:21:19,806 basehttp 20288 26812 "POST /users/password-reset/ HTTP/1.1" 302 0
INFO 2025-09-22 18:21:19,811 basehttp 20288 26812 "GET /users/password-reset/done/ HTTP/1.1" 200 2404
INFO 2025-09-22 18:21:46,955 basehttp 20288 25892 "GET /notifications/unread_count/ HTTP/1.1" 200 19
INFO 2025-09-22 18:21:56,374 autoreload 20288 19792 C:\Users\Rima\Desktop\New Project\FreelancerM\FreelancerM\settings.py changed, reloading.
INFO 2025-09-22 18:21:56,531 autoreload 20464 24912 C:\Users\Rima\Desktop\New Project\FreelancerM\FreelancerM\settings.py changed, reloading.
INFO 2025-09-22 18:21:58,234 autoreload 12488 21460 Watching for file changes with StatReloader
INFO 2025-09-22 18:22:00,697 basehttp 12488 11004 "GET /marketplace/ HTTP/1.1" 200 18144
INFO 2025-09-22 18:22:00,787 basehttp 12488 11004 "GET /notifications/unread_count/ HTTP/1.1" 200 19
INFO 2025-09-22 18:22:02,704 basehttp 12488 11004 "GET /users/logout/ HTTP/1.1" 302 0
INFO 2025-09-22 18:22:02,714 basehttp 12488 11004 "GET /marketplace/ HTTP/1.1" 200 9157
INFO 2025-09-22 18:22:03,932 basehttp 12488 11004 "GET /users/login/ HTTP/1.1" 200 6749
INFO 2025-09-22 18:22:05,551 basehttp 12488 11004 "GET /users/password-reset/ HTTP/1.1" 200 2718
INFO 2025-09-22 18:22:08,789 basehttp 12488 5028 "POST /users/password-reset/ HTTP/1.1" 302 0
INFO 2025-09-22 18:22:08,793 basehttp 12488 5028 "GET /users/password-reset/done/ HTTP/1.1" 200 2404
INFO 2025-09-22 18:22:18,571 autoreload 15312 9652 C:\Users\Rima\Desktop\New Project\FreelancerM\FreelancerM\settings.py changed, reloading.
INFO 2025-09-22 18:22:18,951 autoreload 12488 21460 C:\Users\Rima\Desktop\New Project\FreelancerM\FreelancerM\settings.py changed, reloading.
INFO 2025-09-22 18:22:19,852 autoreload 26612 27264 Watching for file changes with StatReloader
INFO 2025-09-22 18:22:20,244 autoreload 22732 16792 Watching for file changes with StatReloader
INFO 2025-09-22 18:22:22,255 basehttp 26612 26428 "GET /users/password-reset/done/ HTTP/1.1" 200 2404
INFO 2025-09-22 18:22:26,142 basehttp 26612 26428 "POST /users/password-reset/ HTTP/1.1" 302 0
INFO 2025-09-22 18:22:26,146 basehttp 26612 26428 "GET /users/password-reset/done/ HTTP/1.1" 200 2404
INFO 2025-09-22 18:22:53,441 autoreload 22732 16792 C:\Users\Rima\Desktop\New Project\FreelancerM\FreelancerM\settings.py changed, reloading.
